  GSPlay.cpp
C:\Users\minhc\OneDrive\Máy tính\Gameloft\unnamed-repository\MiniGameStarter\TrainingFramework\src\GameStates\GSPlay.cpp(34,92): warning C4244: 'argument': conversion from 'float' to 'GLint', possible loss of data
C:\Users\minhc\OneDrive\Máy tính\Gameloft\unnamed-repository\MiniGameStarter\TrainingFramework\src\GameStates\GSPlay.cpp(34,58): warning C4244: 'argument': conversion from 'float' to 'GLint', possible loss of data
C:\Users\minhc\OneDrive\Máy tính\Gameloft\unnamed-repository\MiniGameStarter\TrainingFramework\src\GameStates\GSPlay.cpp(154,39): warning C4244: 'argument': conversion from 'GLfloat' to 'GLint', possible loss of data
C:\Users\minhc\OneDrive\Máy tính\Gameloft\unnamed-repository\MiniGameStarter\TrainingFramework\src\GameStates\GSPlay.cpp(154,28): warning C4244: 'argument': conversion from 'GLfloat' to 'GLint', possible loss of data
C:\Users\minhc\OneDrive\Máy tính\Gameloft\unnamed-repository\MiniGameStarter\TrainingFramework\src\GameStates\GSPlay.cpp(158,38): warning C4244: 'argument': conversion from 'GLfloat' to 'GLint', possible loss of data
C:\Users\minhc\OneDrive\Máy tính\Gameloft\unnamed-repository\MiniGameStarter\TrainingFramework\src\GameStates\GSPlay.cpp(158,28): warning C4244: 'argument': conversion from 'GLfloat' to 'GLint', possible loss of data
C:\Users\minhc\OneDrive\Máy tính\Gameloft\unnamed-repository\MiniGameStarter\TrainingFramework\src\GameStates\GSPlay.cpp(162,38): warning C4244: 'argument': conversion from 'GLfloat' to 'GLint', possible loss of data
C:\Users\minhc\OneDrive\Máy tính\Gameloft\unnamed-repository\MiniGameStarter\TrainingFramework\src\GameStates\GSPlay.cpp(162,28): warning C4244: 'argument': conversion from 'GLfloat' to 'GLint', possible loss of data
C:\Users\minhc\OneDrive\Máy tính\Gameloft\unnamed-repository\MiniGameStarter\TrainingFramework\src\GameStates\GSPlay.cpp(166,38): warning C4244: 'argument': conversion from 'GLfloat' to 'GLint', possible loss of data
C:\Users\minhc\OneDrive\Máy tính\Gameloft\unnamed-repository\MiniGameStarter\TrainingFramework\src\GameStates\GSPlay.cpp(166,28): warning C4244: 'argument': conversion from 'GLfloat' to 'GLint', possible loss of data
C:\Program Files (x86)\Microsoft Visual Studio\2019\Community\VC\Tools\MSVC\14.27.29110\include\xmemory(230,33): warning C4244: 'argument': conversion from '_Ty' to 'float', possible loss of data
          with
          [
              _Ty=double
          ]
C:\Program Files (x86)\Microsoft Visual Studio\2019\Community\VC\Tools\MSVC\14.27.29110\include\memory(1428): message : see reference to function template instantiation 'void std::_Construct_in_place<_Ty,std::shared_ptr<Shader>&,std::shared_ptr<Font>&,const char(&)[10],TextColor,double>(_Ty &,std::shared_ptr<Shader> &,std::shared_ptr<Font> &,const char (&)[10],TextColor &&,double &&) noexcept(false)' being compiled
          with
          [
              _Ty=Text
          ]
C:\Program Files (x86)\Microsoft Visual Studio\2019\Community\VC\Tools\MSVC\14.27.29110\include\memory(2072): message : see reference to function template instantiation 'std::_Ref_count_obj2<_Ty>::_Ref_count_obj2<std::shared_ptr<Shader>&,std::shared_ptr<Font>&,const char(&)[10],TextColor,double>(std::shared_ptr<Shader> &,std::shared_ptr<Font> &,const char (&)[10],TextColor &&,double &&)' being compiled
          with
          [
              _Ty=Text
          ]
C:\Program Files (x86)\Microsoft Visual Studio\2019\Community\VC\Tools\MSVC\14.27.29110\include\memory(2072): message : see reference to function template instantiation 'std::_Ref_count_obj2<_Ty>::_Ref_count_obj2<std::shared_ptr<Shader>&,std::shared_ptr<Font>&,const char(&)[10],TextColor,double>(std::shared_ptr<Shader> &,std::shared_ptr<Font> &,const char (&)[10],TextColor &&,double &&)' being compiled
          with
          [
              _Ty=Text
          ]
C:\Users\minhc\OneDrive\Máy tính\Gameloft\unnamed-repository\MiniGameStarter\TrainingFramework\src\GameStates\GSPlay.cpp(50): message : see reference to function template instantiation 'std::shared_ptr<Text> std::make_shared<Text,std::shared_ptr<Shader>&,std::shared_ptr<Font>&,const char(&)[10],TextColor,double>(std::shared_ptr<Shader> &,std::shared_ptr<Font> &,const char (&)[10],TextColor &&,double &&)' being compiled
  TrainingFramework.vcxproj -> C:\Users\minhc\OneDrive\Máy tính\Gameloft\unnamed-repository\MiniGameStarter\\BIN-Nvidia\TrainingFramework.exe
