c:\users\han.glschool2\unnamed-repository\minigamestarter\trainingframework\release-nvidia\vc142.pdb
c:\users\han.glschool2\unnamed-repository\minigamestarter\trainingframework\release-nvidia\trainingframework.obj
c:\users\han.glschool2\unnamed-repository\minigamestarter\trainingframework\release-nvidia\gsplay.obj
c:\users\han.glschool2\unnamed-repository\minigamestarter\trainingframework\release-nvidia\gsmenu.obj
c:\users\han.glschool2\unnamed-repository\minigamestarter\trainingframework\release-nvidia\gsintro.obj
c:\users\han.glschool2\unnamed-repository\minigamestarter\trainingframework\release-nvidia\gamestatemachine.obj
c:\users\han.glschool2\unnamed-repository\minigamestarter\trainingframework\release-nvidia\gamestatebase.obj
c:\users\han.glschool2\unnamed-repository\minigamestarter\trainingframework\release-nvidia\texture.obj
c:\users\han.glschool2\unnamed-repository\minigamestarter\trainingframework\release-nvidia\text.obj
c:\users\han.glschool2\unnamed-repository\minigamestarter\trainingframework\release-nvidia\spriteanimation.obj
c:\users\han.glschool2\unnamed-repository\minigamestarter\trainingframework\release-nvidia\shader.obj
c:\users\han.glschool2\unnamed-repository\minigamestarter\trainingframework\release-nvidia\model.obj
c:\users\han.glschool2\unnamed-repository\minigamestarter\trainingframework\release-nvidia\sprite3d.obj
c:\users\han.glschool2\unnamed-repository\minigamestarter\trainingframework\release-nvidia\camera.obj
c:\users\han.glschool2\unnamed-repository\minigamestarter\trainingframework\release-nvidia\sprite2d.obj
c:\users\han.glschool2\unnamed-repository\minigamestarter\trainingframework\release-nvidia\gamebutton.obj
c:\users\han.glschool2\unnamed-repository\minigamestarter\trainingframework\release-nvidia\font.obj
c:\users\han.glschool2\unnamed-repository\minigamestarter\trainingframework\release-nvidia\resourcemanagers.obj
c:\users\han.glschool2\unnamed-repository\minigamestarter\trainingframework\release-nvidia\application.obj
c:\users\han.glschool2\unnamed-repository\minigamestarter\trainingframework\release-nvidia\pipe.obj
c:\users\han.glschool2\unnamed-repository\minigamestarter\trainingframework\release-nvidia\foreground.obj
c:\users\han.glschool2\unnamed-repository\minigamestarter\trainingframework\release-nvidia\bird.obj
c:\users\han.glschool2\unnamed-repository\minigamestarter\bin-nvidia\trainingframework.exe
c:\users\han.glschool2\unnamed-repository\minigamestarter\trainingframework\release-nvidia\trainingframework.ipdb
c:\users\han.glschool2\unnamed-repository\minigamestarter\trainingframework\release-nvidia\trainingframework.iobj
c:\users\han.glschool2\unnamed-repository\minigamestarter\bin-nvidia\trainingframework.pdb
c:\users\han.glschool2\unnamed-repository\minigamestarter\\bin-nvidia\trainingframework.pdb
c:\users\han.glschool2\unnamed-repository\minigamestarter\trainingframework\release-nvidia\training.fc024ec8.tlog\cl.command.1.tlog
c:\users\han.glschool2\unnamed-repository\minigamestarter\trainingframework\release-nvidia\training.fc024ec8.tlog\cl.read.1.tlog
c:\users\han.glschool2\unnamed-repository\minigamestarter\trainingframework\release-nvidia\training.fc024ec8.tlog\cl.write.1.tlog
c:\users\han.glschool2\unnamed-repository\minigamestarter\trainingframework\release-nvidia\training.fc024ec8.tlog\link.command.1.tlog
c:\users\han.glschool2\unnamed-repository\minigamestarter\trainingframework\release-nvidia\training.fc024ec8.tlog\link.read.1.tlog
c:\users\han.glschool2\unnamed-repository\minigamestarter\trainingframework\release-nvidia\training.fc024ec8.tlog\link.write.1.tlog
